c:\users\jigz2\source\repos\bankingsystem\bankingsystem\x64\debug\vc143.pdb
c:\users\jigz2\source\repos\bankingsystem\bankingsystem\x64\debug\vc143.idb
c:\users\jigz2\source\repos\bankingsystem\bankingsystem\x64\debug\savings.obj
c:\users\jigz2\source\repos\bankingsystem\bankingsystem\x64\debug\main.obj
c:\users\jigz2\source\repos\bankingsystem\bankingsystem\x64\debug\loans.obj
c:\users\jigz2\source\repos\bankingsystem\bankingsystem\x64\debug\checkings.obj
c:\users\jigz2\source\repos\bankingsystem\bankingsystem\x64\debug\account.obj
c:\users\jigz2\source\repos\bankingsystem\bankingsystem\x64\debug\bankingsystem.ilk
c:\users\jigz2\source\repos\bankingsystem\x64\debug\bankingsystem.pdb
c:\users\jigz2\source\repos\bankingsystem\bankingsystem\x64\debug\bankingsystem.tlog\cl.command.1.tlog
c:\users\jigz2\source\repos\bankingsystem\bankingsystem\x64\debug\bankingsystem.tlog\cl.items.tlog
c:\users\jigz2\source\repos\bankingsystem\bankingsystem\x64\debug\bankingsystem.tlog\cl.read.1.tlog
c:\users\jigz2\source\repos\bankingsystem\bankingsystem\x64\debug\bankingsystem.tlog\cl.write.1.tlog
c:\users\jigz2\source\repos\bankingsystem\bankingsystem\x64\debug\bankingsystem.tlog\link-cvtres.read.1.tlog
c:\users\jigz2\source\repos\bankingsystem\bankingsystem\x64\debug\bankingsystem.tlog\link-cvtres.write.1.tlog
c:\users\jigz2\source\repos\bankingsystem\bankingsystem\x64\debug\bankingsystem.tlog\link-rc.read.1.tlog
c:\users\jigz2\source\repos\bankingsystem\bankingsystem\x64\debug\bankingsystem.tlog\link-rc.write.1.tlog
c:\users\jigz2\source\repos\bankingsystem\bankingsystem\x64\debug\bankingsystem.tlog\link.17964-cvtres.read.1.tlog
c:\users\jigz2\source\repos\bankingsystem\bankingsystem\x64\debug\bankingsystem.tlog\link.17964-cvtres.write.1.tlog
c:\users\jigz2\source\repos\bankingsystem\bankingsystem\x64\debug\bankingsystem.tlog\link.17964-rc.read.1.tlog
c:\users\jigz2\source\repos\bankingsystem\bankingsystem\x64\debug\bankingsystem.tlog\link.17964-rc.write.1.tlog
c:\users\jigz2\source\repos\bankingsystem\bankingsystem\x64\debug\bankingsystem.tlog\link.17964.read.1.tlog
c:\users\jigz2\source\repos\bankingsystem\bankingsystem\x64\debug\bankingsystem.tlog\link.17964.read.2.tlog
c:\users\jigz2\source\repos\bankingsystem\bankingsystem\x64\debug\bankingsystem.tlog\link.17964.write.1.tlog
c:\users\jigz2\source\repos\bankingsystem\bankingsystem\x64\debug\bankingsystem.tlog\link.command.1.tlog
c:\users\jigz2\source\repos\bankingsystem\bankingsystem\x64\debug\bankingsystem.tlog\link.read.1.tlog
c:\users\jigz2\source\repos\bankingsystem\bankingsystem\x64\debug\bankingsystem.tlog\link.read.2.tlog
c:\users\jigz2\source\repos\bankingsystem\bankingsystem\x64\debug\bankingsystem.tlog\link.secondary.1.tlog
c:\users\jigz2\source\repos\bankingsystem\bankingsystem\x64\debug\bankingsystem.tlog\link.write.1.tlog
